

*******************************************************************************
Fri Jun 26 12:11:05 2020


FIT:    data read from 'Vettore_media.dat' using 1:2
        format = x:z
        x range restricted to [0.00000 : 100.000]
        #datapoints = 101
        residuals are weighted equally (unit weight)

function used for fitting: f(x)
	f(x)=k*sqrt(x)
fitted parameters initialized with current variable values

iter      chisq       delta/lim  lambda   k            
   0 3.8562981235e+00   0.00e+00  7.07e+00    1.000000e+00
   2 3.8442763012e+00  -3.01e-02  7.07e-02    1.001543e+00

After 2 iterations the fit converged.
final sum of squares of residuals : 3.84428
rel. change during last iteration : -3.00577e-07

degrees of freedom    (FIT_NDF)                        : 100
rms of residuals      (FIT_STDFIT) = sqrt(WSSR/ndf)    : 0.196068
variance of residuals (reduced chisquare) = WSSR/ndf   : 0.0384428

Final set of parameters            Asymptotic Standard Error
=======================            ==========================
k               = 1.00154          +/- 0.002759     (0.2755%)


*******************************************************************************
Fri Jun 26 12:12:05 2020


FIT:    data read from 'Vettore_media.dat' using 1:2
        format = x:z
        x range restricted to [0.00000 : 100.000]
        #datapoints = 101
        residuals are weighted equally (unit weight)

function used for fitting: f(x)
	f(x)=k*sqrt(x)
fitted parameters initialized with current variable values

iter      chisq       delta/lim  lambda   k            
   0 1.9229261018e-01   0.00e+00  7.08e+00    1.001543e+00
   3 9.7201868681e-03  -1.77e-06  7.08e-03    9.955302e-01

After 3 iterations the fit converged.
final sum of squares of residuals : 0.00972019
rel. change during last iteration : -1.76962e-11

degrees of freedom    (FIT_NDF)                        : 100
rms of residuals      (FIT_STDFIT) = sqrt(WSSR/ndf)    : 0.0098591
variance of residuals (reduced chisquare) = WSSR/ndf   : 9.72019e-05

Final set of parameters            Asymptotic Standard Error
=======================            ==========================
k               = 0.99553          +/- 0.0001387    (0.01394%)


*******************************************************************************
Sat Jun 27 10:43:55 2020


FIT:    data read from 'Vettore_media.dat' using 1:2
        format = x:z
        x range restricted to [0.00000 : 100.000]
        #datapoints = 101
        residuals are weighted equally (unit weight)

function used for fitting: f(x)
	f(x)=k*sqrt(x)
fitted parameters initialized with current variable values

iter      chisq       delta/lim  lambda   k            
   0 1.5177647723e+05   0.00e+00  7.07e+00    1.000000e+00
   3 8.2188525740e+03  -1.65e-06  7.07e-03    6.331721e+00

After 3 iterations the fit converged.
final sum of squares of residuals : 8218.85
rel. change during last iteration : -1.64546e-11

degrees of freedom    (FIT_NDF)                        : 100
rms of residuals      (FIT_STDFIT) = sqrt(WSSR/ndf)    : 9.06579
variance of residuals (reduced chisquare) = WSSR/ndf   : 82.1885

Final set of parameters            Asymptotic Standard Error
=======================            ==========================
k               = 6.33172          +/- 0.1276       (2.015%)


*******************************************************************************
Sat Jun 27 10:45:35 2020


FIT:    data read from 'Vettore_media.dat' using 1:2
        format = x:z
        x range restricted to [0.00000 : 100.000]
        #datapoints = 101
        residuals are weighted equally (unit weight)

function used for fitting: f(x)
	f(x)=k*sqrt(x)
fitted parameters initialized with current variable values

iter      chisq       delta/lim  lambda   k            
   0 8.2188525740e+03   0.00e+00  4.48e+01    6.331721e+00
   1 8.2188525740e+03   0.00e+00  4.48e+00    6.331721e+00

After 1 iterations the fit converged.
final sum of squares of residuals : 8218.85
rel. change during last iteration : 0

degrees of freedom    (FIT_NDF)                        : 100
rms of residuals      (FIT_STDFIT) = sqrt(WSSR/ndf)    : 9.06579
variance of residuals (reduced chisquare) = WSSR/ndf   : 82.1885

Final set of parameters            Asymptotic Standard Error
=======================            ==========================
k               = 6.33172          +/- 0.1276       (2.015%)


*******************************************************************************
Sat Jun 27 10:47:37 2020


FIT:    data read from 'Vettore_media.dat' using 1:2
        format = x:z
        x range restricted to [0.00000 : 100.000]
        #datapoints = 101
        residuals are weighted equally (unit weight)

function used for fitting: f(x)
	f(x)=k*sqrt(x)
fitted parameters initialized with current variable values

iter      chisq       delta/lim  lambda   k            
   0 1.4379843725e+05   0.00e+00  4.48e+01    6.331721e+00
   4 9.7201868681e-03  -1.62e-09  4.48e-03    9.955302e-01

After 4 iterations the fit converged.
final sum of squares of residuals : 0.00972019
rel. change during last iteration : -1.62404e-14

degrees of freedom    (FIT_NDF)                        : 100
rms of residuals      (FIT_STDFIT) = sqrt(WSSR/ndf)    : 0.0098591
variance of residuals (reduced chisquare) = WSSR/ndf   : 9.72019e-05

Final set of parameters            Asymptotic Standard Error
=======================            ==========================
k               = 0.99553          +/- 0.0001387    (0.01394%)


*******************************************************************************
Sat Jun 27 10:51:03 2020


FIT:    data read from 'Vettore_media.dat' using 1:2
        format = x:z
        x range restricted to [0.00000 : 100.000]
        #datapoints = 101
        residuals are weighted equally (unit weight)

function used for fitting: f(x)
	f(x)=k*sqrt(x)
fitted parameters initialized with current variable values

iter      chisq       delta/lim  lambda   k            
   0 1.5338958299e-01   0.00e+00  7.04e+00    9.955302e-01
   3 2.0193059585e-02  -6.21e-07  7.04e-03    1.000666e+00

After 3 iterations the fit converged.
final sum of squares of residuals : 0.0201931
rel. change during last iteration : -6.21055e-12

degrees of freedom    (FIT_NDF)                        : 100
rms of residuals      (FIT_STDFIT) = sqrt(WSSR/ndf)    : 0.0142102
variance of residuals (reduced chisquare) = WSSR/ndf   : 0.000201931

Final set of parameters            Asymptotic Standard Error
=======================            ==========================
k               = 1.00067          +/- 0.0002       (0.01998%)
